<?xml version='1.0' encoding='UTF-8'?>
<testsuite hostname="ian-thinkpad" name="model.PlayerTest" tests="21" errors="0" failures="0" skipped="0" time="0.02" timestamp="2025-09-03T23:48:14">
          <properties>
[...]
</properties>
          <testcase classname="model.PlayerTest" name="Player should be created with correct name" time="0.007">
                      
                    </testcase><testcase classname="model.PlayerTest" name="Player should be created with correct board side" time="0.001">
                      
                    </testcase><testcase classname="model.PlayerTest" name="Player should start with 2 gems" time="0.001">
                      
                    </testcase><testcase classname="model.PlayerTest" name="Player should start with empty hand" time="0.0">
                      
                    </testcase><testcase classname="model.PlayerTest" name="Player should start with empty deck" time="0.001">
                      
                    </testcase><testcase classname="model.PlayerTest" name="Player should lose a gem" time="0.001">
                      
                    </testcase><testcase classname="model.PlayerTest" name="Player should lose two gems" time="0.001">
                      
                    </testcase><testcase classname="model.PlayerTest" name="Player cannot have negative gems" time="0.001">
                      
                    </testcase><testcase classname="model.PlayerTest" name="Player should detect when they have lost" time="0.001">
                      
                    </testcase><testcase classname="model.PlayerTest" name="Player should add card to deck" time="0.001">
                      
                    </testcase><testcase classname="model.PlayerTest" name="Player should add multiple cards to deck" time="0.0">
                      
                    </testcase><testcase classname="model.PlayerTest" name="Player should draw card from deck to hand" time="0.001">
                      
                    </testcase><testcase classname="model.PlayerTest" name="Player cannot draw from empty deck" time="0.0">
                      
                    </testcase><testcase classname="model.PlayerTest" name="Player should draw multiple cards correctly" time="0.001">
                      
                    </testcase><testcase classname="model.PlayerTest" name="Player should play card from hand" time="0.0">
                      
                    </testcase><testcase classname="model.PlayerTest" name="Player cannot play card not in hand" time="0.0">
                      
                    </testcase><testcase classname="model.PlayerTest" name="Player should have maximum 10 cards in hand" time="0.002">
                      
                    </testcase><testcase classname="model.PlayerTest" name="Player can get card from hand by index" time="0.0">
                      
                    </testcase><testcase classname="model.PlayerTest" name="Player returns None for invalid hand index" time="0.0">
                      
                    </testcase><testcase classname="model.PlayerTest" name="Player can get card from deck by index" time="0.001">
                      
                    </testcase><testcase classname="model.PlayerTest" name="Player returns None for invalid deck index" time="0.0">
                      
                    </testcase>
          <system-out><![CDATA[]]></system-out>
          <system-err><![CDATA[]]></system-err>
        </testsuite>