<?xml version='1.0' encoding='UTF-8'?>
<testsuite hostname="ian-thinkpad" name="model.cards.CardTest" tests="9" errors="0" failures="0" skipped="0" time="0.012" timestamp="2025-09-03T23:48:14">
          <properties>
[...]
</properties>
          <testcase classname="model.cards.CardTest" name="MeleeUnitCard should have correct properties" time="0.007">
                      
                    </testcase><testcase classname="model.cards.CardTest" name="RangedUnitCard should have correct properties" time="0.0">
                      
                    </testcase><testcase classname="model.cards.CardTest" name="SiegeUnitCard should have correct properties" time="0.0">
                      
                    </testcase><testcase classname="model.cards.CardTest" name="WeatherCard should have correct properties" time="0.0">
                      
                    </testcase><testcase classname="model.cards.CardTest" name="Different unit types have different classifications" time="0.001">
                      
                    </testcase><testcase classname="model.cards.CardTest" name="All weather cards have Weather classification" time="0.001">
                      
                    </testcase><testcase classname="model.cards.CardTest" name="UnitType enum has correct string values" time="0.001">
                      
                    </testcase><testcase classname="model.cards.CardTest" name="Unit card classification matches unitType toString" time="0.001">
                      
                    </testcase><testcase classname="model.cards.CardTest" name="Unit cards can have zero strength" time="0.001">
                      
                    </testcase>
          <system-out><![CDATA[]]></system-out>
          <system-err><![CDATA[]]></system-err>
        </testsuite>